This is pdfTeX, Version 3.1415926-1.40.11 (TeX Live 2010) (format=pdflatex 2011.5.22)  7 AUG 2013 21:54
entering extended mode
 %&-line parsing enabled.
**/afs/cern.ch/user/i/icali/DocumentsAndNotes/DN-12-010/utils/trunk/tmp/DN-12-0
10_temp.tex

(/afs/cern.ch/user/i/icali/DocumentsAndNotes/DN-12-010/utils/trunk/tmp/DN-12-01
0_temp.tex
LaTeX2e <2009/09/24>
Babel <v3.8l> and hyphenation patterns for english, dumylang, nohyphenation, ge
rman-x-2009-06-19, ngerman-x-2009-06-19, ancientgreek, ibycus, basque, bulgaria
n, catalan, czech, danish, dutch, ukenglish, usenglishmax, finnish, french, gal
ician, german, ngerman, swissgerman, monogreek, greek, hungarian, italian, bokm
al, nynorsk, polish, portuguese, russian, slovak, spanish, swedish, ukrainian, 
loaded.

(/afs/cern.ch/user/i/icali/DocumentsAndNotes/DN-12-010/utils/trunk/general/cms-
tdr.cls
=======================================================
 
 CMS TDR/NOTE style. Version 172180
 
 Lucas Taylor, 2013-02-16
 
=======================================================
Document Class: cms-tdr 2006/12/21

(/afs/cern.ch/cms/external/tex/texlive/2010/texmf-dist/tex/latex/base/ifthen.st
y
Package: ifthen 2001/05/26 v1.1c Standard LaTeX ifthen package (DPC)
)
Using article 11pt\ option
Using article twoside\ option
Using article a4paper\ option
Using cms note sub-class

(/afs/cern.ch/cms/external/tex/texlive/2010/texmf-dist/tex/latex/base/article.c
ls
Document Class: article 2007/10/19 v1.4h Standard LaTeX document class

(/afs/cern.ch/cms/external/tex/texlive/2010/texmf-dist/tex/latex/base/size11.cl
o
File: size11.clo 2007/10/19 v1.4h Standard LaTeX file (size option)
)
\c@part=\count79
\c@section=\count80
\c@subsection=\count81
\c@subsubsection=\count82
\c@paragraph=\count83
\c@subparagraph=\count84
\c@figure=\count85
\c@table=\count86
\abovecaptionskip=\skip41
\belowcaptionskip=\skip42
\bibindent=\dimen102
)
(/afs/cern.ch/cms/external/tex/texlive/2010/texmf-dist/tex/latex/fancybox/fancy
box.sty
Package: fancybox 2010/05/15 1.4
Style option: `fancybox' v1.4 <2010/05/15> (tvz)
\@fancybox=\box26
\shadowsize=\dimen103
\@Sbox=\box27
\do@VerbBox=\toks14
\the@fancyput=\toks15
\this@fancyput=\toks16
\EndVerbatimTokens=\toks17
\Verbatim@Outfile=\write3
\Verbatim@Infile=\read1
)
(/afs/cern.ch/cms/external/tex/texlive/2010/texmf-dist/tex/latex/tools/multicol
.sty
Package: multicol 2008/12/05 v1.6h multicolumn formatting (FMi)
\c@tracingmulticols=\count87
\mult@box=\box28
\multicol@leftmargin=\dimen104
\c@unbalance=\count88
\c@collectmore=\count89
\doublecol@number=\count90
\multicoltolerance=\count91
\multicolpretolerance=\count92
\full@width=\dimen105
\page@free=\dimen106
\premulticols=\dimen107
\postmulticols=\dimen108
\multicolsep=\skip43
\multicolbaselineskip=\skip44
\partial@page=\box29
\last@line=\box30
\mult@rightbox=\box31
\mult@grightbox=\box32
\mult@gfirstbox=\box33
\mult@firstbox=\box34
\@tempa=\box35
\@tempa=\box36
\@tempa=\box37
\@tempa=\box38
\@tempa=\box39
\@tempa=\box40
\@tempa=\box41
\@tempa=\box42
\@tempa=\box43
\@tempa=\box44
\@tempa=\box45
\@tempa=\box46
\@tempa=\box47
\@tempa=\box48
\@tempa=\box49
\@tempa=\box50
\@tempa=\box51
\c@columnbadness=\count93
\c@finalcolumnbadness=\count94
\last@try=\dimen109
\multicolovershoot=\dimen110
\multicolundershoot=\dimen111
\mult@nat@firstbox=\box52
\colbreak@box=\box53
)
(/afs/cern.ch/cms/external/tex/texlive/2010/texmf-dist/tex/latex/tools/longtabl
e.sty
Package: longtable 2004/02/01 v4.11 Multi-page Table package (DPC)
\LTleft=\skip45
\LTright=\skip46
\LTpre=\skip47
\LTpost=\skip48
\LTchunksize=\count95
\LTcapwidth=\dimen112
\LT@head=\box54
\LT@firsthead=\box55
\LT@foot=\box56
\LT@lastfoot=\box57
\LT@cols=\count96
\LT@rows=\count97
\c@LT@tables=\count98
\c@LT@chunks=\count99
\LT@p@ftn=\toks18
)
(/afs/cern.ch/cms/external/tex/texlive/2010/texmf-dist/tex/latex/tools/array.st
y
Package: array 2008/09/09 v2.4c Tabular extension package (FMi)
\col@sep=\dimen113
\extrarowheight=\dimen114
\NC@list=\toks19
\extratabsurround=\skip49
\backup@length=\skip50
)
(/afs/cern.ch/cms/external/tex/texlive/2010/texmf-dist/tex/latex/lineno/lineno.
sty
Package: lineno 2005/11/02 line numbers on paragraphs v4.41
\linenopenalty=\count100
\output=\toks20
\linenoprevgraf=\count101
\linenumbersep=\dimen115
\linenumberwidth=\dimen116
\c@linenumber=\count102
\c@pagewiselinenumber=\count103
\c@LN@truepage=\count104
\c@internallinenumber=\count105
\c@internallinenumbers=\count106
\quotelinenumbersep=\dimen117
\bframerule=\dimen118
\bframesep=\dimen119
\bframebox=\box58
LaTeX Info: Redefining \\ on input line 3056.
)
(/afs/cern.ch/cms/external/tex/texlive/2010/texmf-dist/tex/latex/fancyhdr/fancy
hdr.sty
\fancy@headwidth=\skip51
\f@ncyO@elh=\skip52
\f@ncyO@erh=\skip53
\f@ncyO@olh=\skip54
\f@ncyO@orh=\skip55
\f@ncyO@elf=\skip56
\f@ncyO@erf=\skip57
\f@ncyO@olf=\skip58
\f@ncyO@orf=\skip59
)
(/afs/cern.ch/cms/external/tex/texlive/2010/texmf-dist/tex/latex/subfig/subfig.
sty
Package: subfig 2005/06/28 ver: 1.3 subfig package

(/afs/cern.ch/cms/external/tex/texlive/2010/texmf-dist/tex/latex/graphics/keyva
l.sty
Package: keyval 1999/03/16 v1.13 key=value parser (DPC)
\KV@toks@=\toks21
)
(/afs/cern.ch/cms/external/tex/texlive/2010/texmf-dist/tex/latex/caption/captio
n.sty
Package: caption 2010/01/09 v3.1m Customizing captions (AR)

(/afs/cern.ch/cms/external/tex/texlive/2010/texmf-dist/tex/latex/caption/captio
n3.sty
Package: caption3 2010/01/14 v3.1m caption3 kernel (AR)
\captionmargin=\dimen120
\captionmargin@=\dimen121
\captionwidth=\dimen122
\caption@indent=\dimen123
\caption@parindent=\dimen124
\caption@hangindent=\dimen125
)
\c@ContinuedFloat=\count107
Package caption Info: longtable package is loaded.

(/afs/cern.ch/cms/external/tex/texlive/2010/texmf-dist/tex/latex/caption/ltcapt
ion.sty
Package: ltcaption 2008/03/28 v1.2 longtable captions (AR)
))
\c@KVtest=\count108
\sf@farskip=\skip60
\sf@captopadj=\dimen126
\sf@capskip=\skip61
\sf@nearskip=\skip62
\c@subfigure=\count109
\c@subfigure@save=\count110
\c@lofdepth=\count111
\c@subtable=\count112
\c@subtable@save=\count113
\c@lotdepth=\count114
\sf@top=\skip63
\sf@bottom=\skip64
)
(/afs/cern.ch/cms/external/tex/texlive/2010/texmf-dist/tex/latex/tools/xspace.s
ty
Package: xspace 2006/05/08 v1.12 Space after command names (DPC,MH)
)
(/afs/cern.ch/cms/external/tex/texlive/2010/texmf-dist/tex/latex/multirow/multi
row.sty
\bigstrutjot=\dimen127
)
(/afs/cern.ch/cms/external/tex/texlive/2010/texmf-dist/tex/latex/tools/dcolumn.
sty
Package: dcolumn 2001/05/28 v1.06 decimal alignment package (DPC)
)
(/afs/cern.ch/cms/external/tex/texlive/2010/texmf-dist/tex/latex/xcolor/xcolor.
sty
Package: xcolor 2007/01/21 v2.11 LaTeX color extensions (UK)

(/afs/cern.ch/cms/external/tex/texlive/2010/texmf-dist/tex/latex/latexconfig/co
lor.cfg
File: color.cfg 2007/01/18 v1.5 color configuration of teTeX/TeXLive
)
Package xcolor Info: Package option `usenames' ignored on input line 216.
Package xcolor Info: Driver file: pdftex.def on input line 225.

(/afs/cern.ch/cms/external/tex/texlive/2010/texmf-dist/tex/latex/pdftex-def/pdf
tex.def
File: pdftex.def 2011/05/18 v0.06c Graphics/color for pdfTeX

(/afs/cern.ch/cms/external/tex/texlive/2010/texmf-dist/tex/generic/oberdiek/inf
warerr.sty
Package: infwarerr 2010/04/08 v1.3 Providing info/warning/message (HO)
)
(/afs/cern.ch/cms/external/tex/texlive/2010/texmf-dist/tex/generic/oberdiek/ltx
cmds.sty
Package: ltxcmds 2011/04/18 v1.20 LaTeX kernel commands for general use (HO)
)
\Gread@gobject=\count115
)
(/afs/cern.ch/cms/external/tex/texlive/2010/texmf-dist/tex/latex/colortbl/color
tbl.sty
Package: colortbl 2001/02/13 v0.1j Color table columns (DPC)
\everycr=\toks22
\minrowclearance=\skip65
)
\rownum=\count116
Package xcolor Info: Model `cmy' substituted by `cmy0' on input line 1337.
Package xcolor Info: Model `hsb' substituted by `rgb' on input line 1341.
Package xcolor Info: Model `RGB' extended on input line 1353.
Package xcolor Info: Model `HTML' substituted by `rgb' on input line 1355.
Package xcolor Info: Model `Hsb' substituted by `hsb' on input line 1356.
Package xcolor Info: Model `tHsb' substituted by `hsb' on input line 1357.
Package xcolor Info: Model `HSB' substituted by `hsb' on input line 1358.
Package xcolor Info: Model `Gray' substituted by `gray' on input line 1359.
Package xcolor Info: Model `wave' substituted by `hsb' on input line 1360.

(/afs/cern.ch/cms/external/tex/texlive/2010/texmf-dist/tex/latex/graphics/dvips
nam.def
File: dvipsnam.def 1999/02/16 v3.0i Driver-dependant file (DPC,SPQR)
))
(/afs/cern.ch/cms/external/tex/texlive/2010/texmf-dist/tex/latex/amsmath/amsmat
h.sty
Package: amsmath 2000/07/18 v2.13 AMS math features
\@mathmargin=\skip66
For additional information on amsmath, use the `?' option.

(/afs/cern.ch/cms/external/tex/texlive/2010/texmf-dist/tex/latex/amsmath/amstex
t.sty
Package: amstext 2000/06/29 v2.01

(/afs/cern.ch/cms/external/tex/texlive/2010/texmf-dist/tex/latex/amsmath/amsgen
.sty
File: amsgen.sty 1999/11/30 v2.0
\@emptytoks=\toks23
\ex@=\dimen128
))
(/afs/cern.ch/cms/external/tex/texlive/2010/texmf-dist/tex/latex/amsmath/amsbsy
.sty
Package: amsbsy 1999/11/29 v1.2d
\pmbraise@=\dimen129
)
(/afs/cern.ch/cms/external/tex/texlive/2010/texmf-dist/tex/latex/amsmath/amsopn
.sty
Package: amsopn 1999/12/14 v2.01 operator names
)
\inf@bad=\count117
LaTeX Info: Redefining \frac on input line 211.
\uproot@=\count118
\leftroot@=\count119
LaTeX Info: Redefining \overline on input line 307.
\classnum@=\count120
\DOTSCASE@=\count121
LaTeX Info: Redefining \ldots on input line 379.
LaTeX Info: Redefining \dots on input line 382.
LaTeX Info: Redefining \cdots on input line 467.
\Mathstrutbox@=\box59
\strutbox@=\box60
\big@size=\dimen130
LaTeX Font Info:    Redeclaring font encoding OML on input line 567.
LaTeX Font Info:    Redeclaring font encoding OMS on input line 568.
\macc@depth=\count122
\c@MaxMatrixCols=\count123
\dotsspace@=\muskip10
\c@parentequation=\count124
\dspbrk@lvl=\count125
\tag@help=\toks24
\row@=\count126
\column@=\count127
\maxfields@=\count128
\andhelp@=\toks25
\eqnshift@=\dimen131
\alignsep@=\dimen132
\tagshift@=\dimen133
\tagwidth@=\dimen134
\totwidth@=\dimen135
\lineht@=\dimen136
\@envbody=\toks26
\multlinegap=\skip67
\multlinetaggap=\skip68
\mathdisplay@stack=\toks27
LaTeX Info: Redefining \[ on input line 2666.
LaTeX Info: Redefining \] on input line 2667.
)
(/afs/cern.ch/cms/external/tex/texlive/2010/texmf-dist/tex/latex/amsfonts/amssy
mb.sty
Package: amssymb 2009/06/22 v3.00

(/afs/cern.ch/cms/external/tex/texlive/2010/texmf-dist/tex/latex/amsfonts/amsfo
nts.sty
Package: amsfonts 2009/06/22 v3.00 Basic AMSFonts support
\symAMSa=\mathgroup4
\symAMSb=\mathgroup5
LaTeX Font Info:    Overwriting math alphabet `\mathfrak' in version `bold'
(Font)                  U/euf/m/n --> U/euf/b/n on input line 96.
))
(/afs/cern.ch/user/i/icali/DocumentsAndNotes/DN-12-010/utils/trunk/general/penn
ames-pazo.sty)
(/afs/cern.ch/user/i/icali/DocumentsAndNotes/DN-12-010/utils/trunk/general/topc
apt.sty
Package: topcapt 2004/12/11 v1.2 Caption at top of float
)
(/afs/cern.ch/cms/external/tex/texlive/2010/texmf-dist/tex/generic/oberdiek/ifp
df.sty
Package: ifpdf 2011/01/30 v2.3 Provides the ifpdf switch (HO)
Package ifpdf Info: pdfTeX in PDF mode is detected.
)
(/afs/cern.ch/user/i/icali/DocumentsAndNotes/DN-12-010/utils/trunk/general/pdfd
raftcopy.sty
Package: pdfdraftcopy 2003/08/11 1.2 Draft copy in PDF (CVR)

(/afs/cern.ch/cms/external/tex/texlive/2010/texmf-dist/tex/latex/graphics/graph
icx.sty
Package: graphicx 1999/02/16 v1.0f Enhanced LaTeX Graphics (DPC,SPQR)

(/afs/cern.ch/cms/external/tex/texlive/2010/texmf-dist/tex/latex/graphics/graph
ics.sty
Package: graphics 2009/02/05 v1.0o Standard LaTeX Graphics (DPC,SPQR)

(/afs/cern.ch/cms/external/tex/texlive/2010/texmf-dist/tex/latex/graphics/trig.
sty
Package: trig 1999/03/16 v1.09 sin cos tan (DPC)
)
(/afs/cern.ch/cms/external/tex/texlive/2010/texmf-dist/tex/latex/latexconfig/gr
aphics.cfg
File: graphics.cfg 2010/04/23 v1.9 graphics configuration of TeX Live
)
Package graphics Info: Driver file: pdftex.def on input line 91.
)
\Gin@req@height=\dimen137
\Gin@req@width=\dimen138
)
(/afs/cern.ch/user/i/icali/DocumentsAndNotes/DN-12-010/utils/trunk/general/chan
gepage.sty
Package: changepage 2009/10/20 v1.0c check page and change page layout
\c@cp@cntr=\count129
\cp@tempcnt=\count130
)
\LLY=\dimen139
\LLX=\dimen140
\URX=\dimen141
\URY=\dimen142
\topmargin=\dimen143
\bottommargin=\dimen144
)
(/afs/cern.ch/user/i/icali/DocumentsAndNotes/DN-12-010/utils/trunk/general/ptdr
-definitions.sty)
(/afs/cern.ch/cms/external/tex/texlive/2010/texmf-dist/tex/latex/psnfss/palatin
o.sty
Package: palatino 2005/04/12 PSNFSS-v9.2a (SPQR) 
)
(/afs/cern.ch/cms/external/tex/texlive/2010/texmf-dist/tex/latex/psnfss/mathpaz
o.sty
Package: mathpazo 2005/04/12 PSNFSS-v9.2a Palatino w/ Pazo Math (D.Puga, WaS) 
\symupright=\mathgroup6
)
(/afs/cern.ch/cms/external/tex/texlive/2010/texmf-dist/tex/latex/psnfss/helvet.
sty
Package: helvet 2005/04/12 PSNFSS-v9.2a (WaS) 
)
(/afs/cern.ch/cms/external/tex/texlive/2010/texmf-dist/tex/latex/sectsty/sectst
y.sty
Package: sectsty 2002/02/25 v2.0.2 Commands to change all sectional heading sty
les
)
\parskipsaved=\skip69

(/afs/cern.ch/cms/external/tex/texlive/2010/texmf-dist/tex/latex/graphics/lscap
e.sty
Package: lscape 2000/10/22 v3.01 Landscape Pages (DPC)
)
(/afs/cern.ch/cms/external/tex/texlive/2010/texmf-dist/tex/latex/rotating/rotat
ing.sty
Package: rotating 2009/03/28 v2.16a rotated objects in LaTeX
\c@r@tfl@t=\count131
\rotFPtop=\skip70
\rotFPbot=\skip71
\rot@float@box=\box61
\rot@mess@toks=\toks28
)
(/afs/cern.ch/cms/external/tex/texlive/2010/texmf-dist/tex/latex/hyperref/hyper
ref.sty
Package: hyperref 2011/04/17 v6.82g Hypertext links for LaTeX

(/afs/cern.ch/cms/external/tex/texlive/2010/texmf-dist/tex/generic/oberdiek/hob
sub-hyperref.sty
Package: hobsub-hyperref 2011/04/23 v1.4 Bundle oberdiek, subset hyperref (HO)

(/afs/cern.ch/cms/external/tex/texlive/2010/texmf-dist/tex/generic/oberdiek/hob
sub-generic.sty
Package: hobsub-generic 2011/04/23 v1.4 Bundle oberdiek, subset generic (HO)
Package: hobsub 2011/04/23 v1.4 Subsetting bundle oberdiek (HO)
Package hobsub Info: Skipping package `infwarerr' (already loaded).
Package hobsub Info: Skipping package `ltxcmds' (already loaded).
Package: ifluatex 2010/03/01 v1.3 Provides the ifluatex switch (HO)
Package ifluatex Info: LuaTeX not detected.
Package: ifvtex 2010/03/01 v1.5 Switches for detecting VTeX and its modes (HO)
Package ifvtex Info: VTeX not detected.
Package: intcalc 2007/09/27 v1.1 Expandable integer calculations (HO)
Package hobsub Info: Skipping package `ifpdf' (already loaded).
Package: etexcmds 2011/02/16 v1.5 Prefix for e-TeX command names (HO)
Package etexcmds Info: Could not find \expanded.
(etexcmds)             That can mean that you are not using pdfTeX 1.50 or
(etexcmds)             that some package has redefined \expanded.
(etexcmds)             In the latter case, load this package earlier.
Package: kvsetkeys 2011/04/07 v1.13 Key value parser (HO)
Package: kvdefinekeys 2011/04/07 v1.3 Defining keys (HO)
Package: pdftexcmds 2011/04/22 v0.16 Utilities of pdfTeX for LuaTeX (HO)
Package pdftexcmds Info: LuaTeX not detected.
Package pdftexcmds Info: \pdf@primitive is available.
Package pdftexcmds Info: \pdf@ifprimitive is available.
Package pdftexcmds Info: \pdfdraftmode found.
Package: pdfescape 2011/04/04 v1.12 Provides string conversions (HO)
Package: bigintcalc 2011/01/30 v1.2 Expandable big integer calculations (HO)
Package: bitset 2011/01/30 v1.1 Data type bit set (HO)
Package: uniquecounter 2011/01/30 v1.2 Provides unlimited unique counter (HO)
)
Package hobsub Info: Skipping package `hobsub' (already loaded).
Package: letltxmacro 2010/09/02 v1.4 Let assignment for LaTeX macros (HO)
Package: hopatch 2011/01/30 v1.0 Wrapper for package hooks (HO)
Package: xcolor-patch 2011/01/30 xcolor patch
Package: atveryend 2011/04/23 v1.7 Hooks at very end of document (HO)
Package atveryend Info: \enddocument detected (standard).
Package: atbegshi 2011/01/30 v1.15 At begin shipout hook (HO)
Package: refcount 2010/12/01 v3.2 Data extraction from references (HO)
Package: hycolor 2011/01/30 v1.7 Color options of hyperref/bookmark (HO)
)
(/afs/cern.ch/cms/external/tex/texlive/2010/texmf-dist/tex/generic/ifxetex/ifxe
tex.sty
Package: ifxetex 2010/09/12 v0.6 Provides ifxetex conditional
)
(/afs/cern.ch/cms/external/tex/texlive/2010/texmf-dist/tex/latex/oberdiek/kvopt
ions.sty
Package: kvoptions 2010/12/23 v3.10 Keyval support for LaTeX options (HO)
)
\@linkdim=\dimen145
\Hy@linkcounter=\count132
\Hy@pagecounter=\count133

(/afs/cern.ch/cms/external/tex/texlive/2010/texmf-dist/tex/latex/hyperref/pd1en
c.def
File: pd1enc.def 2011/04/17 v6.82g Hyperref: PDFDocEncoding definition (HO)
)
\Hy@SavedSpaceFactor=\count134

(/afs/cern.ch/cms/external/tex/texlive/2010/texmf-dist/tex/latex/latexconfig/hy
perref.cfg
File: hyperref.cfg 2002/06/06 v1.2 hyperref configuration of TeXLive
)
Package hyperref Info: Option `bookmarksnumbered' set `true' on input line 3905
.
Package hyperref Info: Option `bookmarksopen' set `true' on input line 3905.
Package hyperref Info: Option `colorlinks' set `false' on input line 3905.
Package hyperref Info: Option `plainpages' set `false' on input line 3905.
Package hyperref Info: Option `pdfpagelabels' set `true' on input line 3905.
Package hyperref Info: Hyper figures OFF on input line 4026.
Package hyperref Info: Link nesting OFF on input line 4031.
Package hyperref Info: Hyper index ON on input line 4034.
Package hyperref Info: Plain pages OFF on input line 4041.
Package hyperref Info: Backreferencing OFF on input line 4046.
Package hyperref Info: Implicit mode ON; LaTeX internals redefined.
Package hyperref Info: Bookmarks ON on input line 4264.
\c@Hy@tempcnt=\count135
(/afs/cern.ch/cms/external/tex/texlive/2010/texmf-dist/tex/latex/url/url.sty
\Urlmuskip=\muskip11
Package: url 2006/04/12  ver 3.3  Verb mode for urls, etc.
)
LaTeX Info: Redefining \url on input line 4617.
\Fld@menulength=\count136
\Field@Width=\dimen146
\Fld@charsize=\dimen147
Package hyperref Info: Hyper figures OFF on input line 5701.
Package hyperref Info: Link nesting OFF on input line 5706.
Package hyperref Info: Hyper index ON on input line 5709.
Package hyperref Info: backreferencing OFF on input line 5716.
Package hyperref Info: Link coloring OFF on input line 5721.
Package hyperref Info: Link coloring with OCG OFF on input line 5726.
Package hyperref Info: PDF/A mode OFF on input line 5731.
LaTeX Info: Redefining \ref on input line 5771.
LaTeX Info: Redefining \pageref on input line 5775.
\Hy@abspage=\count137
\c@Item=\count138
\c@Hfootnote=\count139
)

Package hyperref Message: Driver (autodetected): hpdftex.


(/afs/cern.ch/cms/external/tex/texlive/2010/texmf-dist/tex/latex/hyperref/hpdft
ex.def
File: hpdftex.def 2011/04/17 v6.82g Hyperref driver for pdfTeX
\Fld@listcount=\count140
\c@bookmark@seq@number=\count141

(/afs/cern.ch/cms/external/tex/texlive/2010/texmf-dist/tex/latex/oberdiek/rerun
filecheck.sty
Package: rerunfilecheck 2011/04/15 v1.7 Rerun checks for auxiliary files (HO)
Package uniquecounter Info: New unique counter `rerunfilecheck' on input line 2
82.
)
\Hy@SectionHShift=\skip72
)
(/afs/cern.ch/cms/external/tex/texlive/2010/texmf-dist/tex/latex/natbib/natbib.
sty
Package: natbib 2010/09/13 8.31b (PWD, AO)
\bibhang=\skip73
\bibsep=\skip74
LaTeX Info: Redefining \cite on input line 694.
\c@NAT@ctr=\count142
)
Defining CMS Note commands
\cmsinstskip=\skip75
\cmsauthskip=\skip76
\c@author=\count143
\c@address=\count144
\CMSabstractbox=\box62
)
(/afs/cern.ch/user/i/icali/DocumentsAndNotes/DN-12-010/utils/trunk/tmp/DN-12-01
0_temp.aux)
\openout1 = `DN-12-010_temp.aux'.

LaTeX Font Info:    Checking defaults for OML/cmm/m/it on input line 16.
LaTeX Font Info:    ... okay on input line 16.
LaTeX Font Info:    Checking defaults for T1/cmr/m/n on input line 16.
LaTeX Font Info:    ... okay on input line 16.
LaTeX Font Info:    Checking defaults for OT1/cmr/m/n on input line 16.
LaTeX Font Info:    ... okay on input line 16.
LaTeX Font Info:    Checking defaults for OMS/cmsy/m/n on input line 16.
LaTeX Font Info:    ... okay on input line 16.
LaTeX Font Info:    Checking defaults for OMX/cmex/m/n on input line 16.
LaTeX Font Info:    ... okay on input line 16.
LaTeX Font Info:    Checking defaults for U/cmr/m/n on input line 16.
LaTeX Font Info:    ... okay on input line 16.
LaTeX Font Info:    Checking defaults for PD1/pdf/m/n on input line 16.
LaTeX Font Info:    ... okay on input line 16.
LaTeX Font Info:    Try loading font information for OT1+ppl on input line 16.
LaTeX Font Info:    <567INP ot1ppl.fd> on input line 16.

(/afs/cern.ch/cms/external/tex/texlive/2010/texmf-dist/tex/latex/psnfss/ot1ppl.
fd
File: ot1ppl.fd 2001/06/04 font definitions for OT1/ppl.
)
Package caption Info: Begin \AtBeginDocument code.
Package caption3 Info: subfig package 1.2 or 1.3 is loaded.
LaTeX Info: Redefining \subref on input line 16.
Package caption Info: `topcapt' package detected; setting `position=b' for comp
atibility reasons.
Package caption Info: hyperref package is loaded.
Package caption Info: rotating package is loaded.
Package caption Info: End \AtBeginDocument code.
<567INP supp-pdf.mkii>

(/afs/cern.ch/cms/external/tex/texlive/2010/texmf-dist/tex/context/base/supp-pd
f.mkii
[Loading MPS to PDF converter (version 2006.09.02).]
\scratchcounter=\count145
\scratchdimen=\dimen148
\scratchbox=\box63
\nofMPsegments=\count146
\nofMParguments=\count147
\everyMPshowfont=\toks29
\MPscratchCnt=\count148
\MPscratchDim=\dimen149
\MPnumerator=\count149
\everyMPtoPDFconversion=\toks30
)
\AtBeginShipoutBox=\box64
Package hyperref Info: Link coloring OFF on input line 16.
<567INP nameref.sty>

(/afs/cern.ch/cms/external/tex/texlive/2010/texmf-dist/tex/latex/hyperref/namer
ef.sty
Package: nameref 2010/04/30 v2.40 Cross-referencing by name of section
<567INP gettitlestring.sty>

(/afs/cern.ch/cms/external/tex/texlive/2010/texmf-dist/tex/generic/oberdiek/get
titlestring.sty
Package: gettitlestring 2010/12/03 v1.4 Cleanup title references (HO)
<567INP gettitlestring.cfg>
)
\c@section@level=\count150
)
LaTeX Info: Redefining \ref on input line 16.
LaTeX Info: Redefining \pageref on input line 16.
LaTeX Info: Redefining \nameref on input line 16.
<567INP DN-12-010_temp.out>

(/afs/cern.ch/user/i/icali/DocumentsAndNotes/DN-12-010/utils/trunk/tmp/DN-12-01
0_temp.out)
<567INP DN-12-010_temp.out>

(/afs/cern.ch/user/i/icali/DocumentsAndNotes/DN-12-010/utils/trunk/tmp/DN-12-01
0_temp.out)
\@outlinefile=\write4
\openout4 = `DN-12-010_temp.out'.

\cmsFigWidth=\skip77
LaTeX Font Info:    Font shape `OT1/ppl/bx/n' in size <14.4> not available
(Font)              Font shape `OT1/ppl/b/n' tried instead on input line 89.
<789FIG cms_draft_note 0>
<cms_draft_note.pdf, id=73, 455.24379pt x 102.42967pt>
File: cms_draft_note.pdf Graphic file (type pdf)
<use cms_draft_note.pdf>
Package pdftex.def Info: cms_draft_note.pdf used on input line 89.
(pdftex.def)             Requested size: 455.24268pt x 102.42941pt.
LaTeX Font Info:    Try loading font information for OML+zplm on input line 89.

LaTeX Font Info:    <567INP omlzplm.fd> on input line 89.

(/afs/cern.ch/cms/external/tex/texlive/2010/texmf-dist/tex/latex/psnfss/omlzplm
.fd
File: omlzplm.fd 2002/09/08 Fontinst v1.914 font definitions for OML/zplm.
)
LaTeX Font Info:    Try loading font information for OMS+zplm on input line 89.

LaTeX Font Info:    <567INP omszplm.fd> on input line 89.

(/afs/cern.ch/cms/external/tex/texlive/2010/texmf-dist/tex/latex/psnfss/omszplm
.fd
File: omszplm.fd 2002/09/08 Fontinst v1.914 font definitions for OMS/zplm.
)
LaTeX Font Info:    Try loading font information for OMX+zplm on input line 89.

LaTeX Font Info:    <567INP omxzplm.fd> on input line 89.

(/afs/cern.ch/cms/external/tex/texlive/2010/texmf-dist/tex/latex/psnfss/omxzplm
.fd
File: omxzplm.fd 2002/09/08 Fontinst v1.914 font definitions for OMX/zplm.
)
LaTeX Font Info:    Font shape `U/msa/m/n' will be
(Font)              scaled to size 12.50409pt on input line 89.
LaTeX Font Info:    Font shape `U/msa/m/n' will be
(Font)              scaled to size 9.37807pt on input line 89.
LaTeX Font Info:    Font shape `U/msa/m/n' will be
(Font)              scaled to size 7.29405pt on input line 89.
LaTeX Font Info:    Font shape `U/msb/m/n' will be
(Font)              scaled to size 12.50409pt on input line 89.
LaTeX Font Info:    Font shape `U/msb/m/n' will be
(Font)              scaled to size 9.37807pt on input line 89.
LaTeX Font Info:    Font shape `U/msb/m/n' will be
(Font)              scaled to size 7.29405pt on input line 89.
LaTeX Font Info:    Try loading font information for OT1+zplm on input line 89.

LaTeX Font Info:    <567INP ot1zplm.fd> on input line 89.

(/afs/cern.ch/cms/external/tex/texlive/2010/texmf-dist/tex/latex/psnfss/ot1zplm
.fd
File: ot1zplm.fd 2002/09/08 Fontinst v1.914 font definitions for OT1/zplm.
)
\c@c@author=\count151
\c@c@tmp=\count152
LaTeX Font Info:    Font shape `U/msa/m/n' will be
(Font)              scaled to size 11.40997pt on input line 89.
LaTeX Font Info:    Font shape `U/msa/m/n' will be
(Font)              scaled to size 8.33606pt on input line 89.
LaTeX Font Info:    Font shape `U/msa/m/n' will be
(Font)              scaled to size 6.25204pt on input line 89.
LaTeX Font Info:    Font shape `U/msb/m/n' will be
(Font)              scaled to size 11.40997pt on input line 89.
LaTeX Font Info:    Font shape `U/msb/m/n' will be
(Font)              scaled to size 8.33606pt on input line 89.
LaTeX Font Info:    Font shape `U/msb/m/n' will be
(Font)              scaled to size 6.25204pt on input line 89.

Overfull \hbox (16.25952pt too wide) in paragraph at lines 89--89
[] [][][] 
 []

<789FIG BigDraft 0>
<BigDraft.pdf, id=74, 597.50829pt x 845.0471pt>
File: BigDraft.pdf Graphic file (type pdf)
<use BigDraft.pdf>
Package pdftex.def Info: BigDraft.pdf used on input line 89.
(pdftex.def)             Requested size: 597.50682pt x 845.04504pt.
[1

{/afs/cern.ch/cms/external/tex/texlive/2010/texmf-var/fonts/map/pdftex/updmap/p
dftex.map} </afs/cern.ch/user/i/icali/DocumentsAndNotes/DN-12-010/utils/trunk/g
eneral/BigDraft.pdf> </afs/cern.ch/user/i/icali/DocumentsAndNotes/DN-12-010/uti
ls/trunk/general/cms_draft_note.pdf>]
<789FIG BigDraft 0>
File: BigDraft.pdf Graphic file (type pdf)
<use BigDraft.pdf>
Package pdftex.def Info: BigDraft.pdf used on input line 89.
(pdftex.def)             Requested size: 597.50682pt x 845.04504pt.
[2

]
<567INP introduction>

(/afs/cern.ch/user/i/icali/DocumentsAndNotes/DN-12-010/notes/DN-12-010/trunk/in
troduction.tex
LaTeX Font Info:    Try loading font information for OT1+phv on input line 5.
LaTeX Font Info:    <567INP ot1phv.fd> on input line 5.

(/afs/cern.ch/cms/external/tex/texlive/2010/texmf-dist/tex/latex/psnfss/ot1phv.
fd
File: ot1phv.fd 2001/06/04 scalable font definitions for OT1/phv.
))
<567INP physicsMotivation>

(/afs/cern.ch/user/i/icali/DocumentsAndNotes/DN-12-010/notes/DN-12-010/trunk/ph
ysicsMotivation.tex
LaTeX Font Info:    Font shape `OT1/phv/bx/n' in size <14.4> not available
(Font)              Font shape `OT1/phv/b/n' tried instead on input line 1.
LaTeX Font Info:    Font shape `OT1/phv/bx/n' in size <10.95> not available
(Font)              Font shape `OT1/phv/b/n' tried instead on input line 7.
<789FIG BigDraft 0>
File: BigDraft.pdf Graphic file (type pdf)
<use BigDraft.pdf>
Package pdftex.def Info: BigDraft.pdf used on input line 7.
(pdftex.def)             Requested size: 597.50682pt x 845.04504pt.
[1]
<789FIG figures/aj_2015.pdf 0>
<figures/aj_2015.pdf, id=135, 569.12625pt x 385.44pt>
File: figures/aj_2015.pdf Graphic file (type pdf)
<use figures/aj_2015.pdf>
Package pdftex.def Info: figures/aj_2015.pdf used on input line 12.
(pdftex.def)             Requested size: 273.14922pt x 184.99733pt.
<789FIG figures/r32_2015.pdf 1>
<figures/r32_2015.pdf, id=137, 569.12625pt x 385.44pt>
File: figures/r32_2015.pdf Graphic file (type pdf)
<use figures/r32_2015.pdf>
Package pdftex.def Info: figures/r32_2015.pdf used on input line 22.
(pdftex.def)             Requested size: 273.14922pt x 184.99733pt.

LaTeX Warning: `!h' float specifier changed to `!ht'.

)
<567INP upgradeSchemes>

(/afs/cern.ch/user/i/icali/DocumentsAndNotes/DN-12-010/notes/DN-12-010/trunk/up
gradeSchemes.tex
LaTeX Font Info:    Font shape `OT1/phv/bx/n' in size <12> not available
(Font)              Font shape `OT1/phv/b/n' tried instead on input line 3.
LaTeX Font Info:    Font shape `OT1/phv/bx/n' in size <10> not available
(Font)              Font shape `OT1/phv/b/n' tried instead on input line 8.
<789FIG BigDraft 2>
File: BigDraft.pdf Graphic file (type pdf)
<use BigDraft.pdf>
Package pdftex.def Info: BigDraft.pdf used on input line 8.
(pdftex.def)             Requested size: 597.50682pt x 845.04504pt.
[2 </afs/cern.ch/user/i/icali/DocumentsAndNotes/DN-12-010/notes/DN-12-010/trunk
/figures/aj_2015.pdf, page is rotated 90 degrees>])
<567INP performance>

(/afs/cern.ch/user/i/icali/DocumentsAndNotes/DN-12-010/notes/DN-12-010/trunk/pe
rformance.tex
<789FIG BigDraft 2>
File: BigDraft.pdf Graphic file (type pdf)
<use BigDraft.pdf>
Package pdftex.def Info: BigDraft.pdf used on input line 1.
(pdftex.def)             Requested size: 597.50682pt x 845.04504pt.
[3 </afs/cern.ch/user/i/icali/DocumentsAndNotes/DN-12-010/notes/DN-12-010/trunk
/figures/r32_2015.pdf, page is rotated 90 degrees>]
<789FIG figures/Acceptance_minbias_quarter_edited.pdf 2>

<figures/Acceptance_minbias_quarter_edited.pdf, id=243, 751.9814pt x 518.63359p
t>
File: figures/Acceptance_minbias_quarter_edited.pdf Graphic file (type pdf)
<use figures/Acceptance_minbias_quarter_edited.pdf>
Package pdftex.def Info: figures/Acceptance_minbias_quarter_edited.pdf used on 
input line 11.
(pdftex.def)             Requested size: 273.14922pt x 188.38565pt.
<789FIG figures/Acceptance_central_quarter_edited.pdf 3>

<figures/Acceptance_central_quarter_edited.pdf, id=244, 751.9814pt x 518.63359p
t>
File: figures/Acceptance_central_quarter_edited.pdf Graphic file (type pdf)
<use figures/Acceptance_central_quarter_edited.pdf>
Package pdftex.def Info: figures/Acceptance_central_quarter_edited.pdf used on 
input line 19.
(pdftex.def)             Requested size: 273.14922pt x 188.38565pt.
<789FIG figures/Acceptance_jet_quarter_edited.pdf 4>
<figures/Acceptance_jet_quarter_edited.pdf, id=245, 751.9814pt x 518.63359pt>
File: figures/Acceptance_jet_quarter_edited.pdf Graphic file (type pdf)
<use figures/Acceptance_jet_quarter_edited.pdf>
Package pdftex.def Info: figures/Acceptance_jet_quarter_edited.pdf used on inpu
t line 27.
(pdftex.def)             Requested size: 273.14922pt x 188.38565pt.
<789FIG figures/cen_minsub1_rctbox_edited.pdf 5>
<figures/cen_minsub1_rctbox_edited.pdf, id=247, 392.92699pt x 267.22032pt>
File: figures/cen_minsub1_rctbox_edited.pdf Graphic file (type pdf)
<use figures/cen_minsub1_rctbox_edited.pdf>
Package pdftex.def Info: figures/cen_minsub1_rctbox_edited.pdf used on input li
ne 39.
(pdftex.def)             Requested size: 273.14922pt x 185.76854pt.
<789FIG figures/detector_average_edited.pdf 6>
<figures/detector_average_edited.pdf, id=248, 389.16391pt x 264.96289pt>
File: figures/detector_average_edited.pdf Graphic file (type pdf)
<use figures/detector_average_edited.pdf>
Package pdftex.def Info: figures/detector_average_edited.pdf used on input line
 47.
(pdftex.def)             Requested size: 273.14922pt x 185.97408pt.
<789FIG figures/detector_response_peripheral_edited.pdf 7>

<figures/detector_response_peripheral_edited.pdf, id=251, 389.16391pt x 264.962
89pt>
File: figures/detector_response_peripheral_edited.pdf Graphic file (type pdf)
<use figures/detector_response_peripheral_edited.pdf>
Package pdftex.def Info: figures/detector_response_peripheral_edited.pdf used o
n input line 55.
(pdftex.def)             Requested size: 273.14922pt x 185.97408pt.
<789FIG figures/efficiency_comparison_l1primitives_log.pdf 8>

<figures/efficiency_comparison_l1primitives_log.pdf, id=255, 569.12625pt x 385.
44pt>
File: figures/efficiency_comparison_l1primitives_log.pdf Graphic file (type pdf
)
<use figures/efficiency_comparison_l1primitives_log.pdf>
Package pdftex.def Info: figures/efficiency_comparison_l1primitives_log.pdf use
d on input line 68.
(pdftex.def)             Requested size: 273.14922pt x 184.99733pt.

LaTeX Warning: `!h' float specifier changed to `!ht'.

<789FIG BigDraft 9>
File: BigDraft.pdf Graphic file (type pdf)
<use BigDraft.pdf>
Package pdftex.def Info: BigDraft.pdf used on input line 74.
(pdftex.def)             Requested size: 597.50682pt x 845.04504pt.
[4 </afs/cern.ch/user/i/icali/DocumentsAndNotes/DN-12-010/notes/DN-12-010/trunk
/figures/Acceptance_minbias_quarter_edited.pdf>]
<789FIG BigDraft 9>
File: BigDraft.pdf Graphic file (type pdf)
<use BigDraft.pdf>
Package pdftex.def Info: BigDraft.pdf used on input line 74.
(pdftex.def)             Requested size: 597.50682pt x 845.04504pt.
[5 </afs/cern.ch/user/i/icali/DocumentsAndNotes/DN-12-010/notes/DN-12-010/trunk
/figures/Acceptance_central_quarter_edited.pdf> </afs/cern.ch/user/i/icali/Docu
mentsAndNotes/DN-12-010/notes/DN-12-010/trunk/figures/Acceptance_jet_quarter_ed
ited.pdf>]
<789FIG BigDraft 9>
File: BigDraft.pdf Graphic file (type pdf)
<use BigDraft.pdf>
Package pdftex.def Info: BigDraft.pdf used on input line 74.
(pdftex.def)             Requested size: 597.50682pt x 845.04504pt.
[6 </afs/cern.ch/user/i/icali/DocumentsAndNotes/DN-12-010/notes/DN-12-010/trunk
/figures/cen_minsub1_rctbox_edited.pdf> </afs/cern.ch/user/i/icali/DocumentsAnd
Notes/DN-12-010/notes/DN-12-010/trunk/figures/detector_average_edited.pdf>]
<789FIG BigDraft 9>
File: BigDraft.pdf Graphic file (type pdf)
<use BigDraft.pdf>
Package pdftex.def Info: BigDraft.pdf used on input line 80.
(pdftex.def)             Requested size: 597.50682pt x 845.04504pt.
[7 </afs/cern.ch/user/i/icali/DocumentsAndNotes/DN-12-010/notes/DN-12-010/trunk
/figures/detector_response_peripheral_edited.pdf> </afs/cern.ch/user/i/icali/Do
cumentsAndNotes/DN-12-010/notes/DN-12-010/trunk/figures/efficiency_comparison_l
1primitives_log.pdf, page is rotated 90 degrees>]
<789FIG figures/jetto_current.pdf 9>
<figures/jetto_current.pdf, id=361, 569.12625pt x 385.44pt>
File: figures/jetto_current.pdf Graphic file (type pdf)
<use figures/jetto_current.pdf>
Package pdftex.def Info: figures/jetto_current.pdf used on input line 83.
(pdftex.def)             Requested size: 273.14922pt x 184.99733pt.
<789FIG figures/jetto_2015.pdf 10>
<figures/jetto_2015.pdf, id=362, 569.12625pt x 385.44pt>
File: figures/jetto_2015.pdf Graphic file (type pdf)
<use figures/jetto_2015.pdf>
Package pdftex.def Info: figures/jetto_2015.pdf used on input line 99.
(pdftex.def)             Requested size: 273.14922pt x 184.99733pt.
<789FIG figures/jetto_slhc.pdf 11>
<figures/jetto_slhc.pdf, id=363, 569.12625pt x 385.44pt>
File: figures/jetto_slhc.pdf Graphic file (type pdf)
<use figures/jetto_slhc.pdf>
Package pdftex.def Info: figures/jetto_slhc.pdf used on input line 115.
(pdftex.def)             Requested size: 273.14922pt x 184.99733pt.
<789FIG BigDraft 12>
File: BigDraft.pdf Graphic file (type pdf)
<use BigDraft.pdf>
Package pdftex.def Info: BigDraft.pdf used on input line 138.
(pdftex.def)             Requested size: 597.50682pt x 845.04504pt.
[8 </afs/cern.ch/user/i/icali/DocumentsAndNotes/DN-12-010/notes/DN-12-010/trunk
/figures/jetto_current.pdf, page is rotated 90 degrees> </afs/cern.ch/user/i/ic
ali/DocumentsAndNotes/DN-12-010/notes/DN-12-010/trunk/figures/jetto_2015.pdf, p
age is rotated 90 degrees>])
<567INP tracktrigger>

(/afs/cern.ch/user/i/icali/DocumentsAndNotes/DN-12-010/notes/DN-12-010/trunk/tr
acktrigger.tex
<789FIG figures/TrigEff_eta1_cent40_AN_Dec8.pdf 12>
<figures/TrigEff_eta1_cent40_AN_Dec8.pdf, id=462, 569.12625pt x 592.2125pt>
File: figures/TrigEff_eta1_cent40_AN_Dec8.pdf Graphic file (type pdf)
<use figures/TrigEff_eta1_cent40_AN_Dec8.pdf>
Package pdftex.def Info: figures/TrigEff_eta1_cent40_AN_Dec8.pdf used on input 
line 12.
(pdftex.def)             Requested size: 218.51521pt x 227.38351pt.
<789FIG figures/TrigEff_eta1_cent100_AN_Dec8.pdf 12>
<figures/TrigEff_eta1_cent100_AN_Dec8.pdf, id=463, 569.12625pt x 592.2125pt>
File: figures/TrigEff_eta1_cent100_AN_Dec8.pdf Graphic file (type pdf)
<use figures/TrigEff_eta1_cent100_AN_Dec8.pdf>
Package pdftex.def Info: figures/TrigEff_eta1_cent100_AN_Dec8.pdf used on input
 line 13.
(pdftex.def)             Requested size: 218.51521pt x 227.38351pt.
<789FIG figures/HighPtTrackReach_xTscaling_20121216.pdf 13>

<figures/HighPtTrackReach_xTscaling_20121216.pdf, id=465, 569.12625pt x 498.863
75pt>
File: figures/HighPtTrackReach_xTscaling_20121216.pdf Graphic file (type pdf)
<use figures/HighPtTrackReach_xTscaling_20121216.pdf>
Package pdftex.def Info: figures/HighPtTrackReach_xTscaling_20121216.pdf used o
n input line 31.
(pdftex.def)             Requested size: 318.66946pt x 279.33896pt.
<789FIG BigDraft 14>
File: BigDraft.pdf Graphic file (type pdf)
<use BigDraft.pdf>
Package pdftex.def Info: BigDraft.pdf used on input line 63.
(pdftex.def)             Requested size: 597.50682pt x 845.04504pt.
[9 </afs/cern.ch/user/i/icali/DocumentsAndNotes/DN-12-010/notes/DN-12-010/trunk
/figures/jetto_slhc.pdf, page is rotated 90 degrees>]
<789FIG BigDraft 14>
File: BigDraft.pdf Graphic file (type pdf)
<use BigDraft.pdf>
Package pdftex.def Info: BigDraft.pdf used on input line 63.
(pdftex.def)             Requested size: 597.50682pt x 845.04504pt.
[10 </afs/cern.ch/user/i/icali/DocumentsAndNotes/DN-12-010/notes/DN-12-010/trun
k/figures/TrigEff_eta1_cent40_AN_Dec8.pdf> </afs/cern.ch/user/i/icali/Documents
AndNotes/DN-12-010/notes/DN-12-010/trunk/figures/TrigEff_eta1_cent100_AN_Dec8.p
df> </afs/cern.ch/user/i/icali/DocumentsAndNotes/DN-12-010/notes/DN-12-010/trun
k/figures/HighPtTrackReach_xTscaling_20121216.pdf, page is rotated 90 degrees>]
<789FIG figures/JetvsTrack_PU1_centmin0_centmax8_20121215.pdf 14>

<figures/JetvsTrack_PU1_centmin0_centmax8_20121215.pdf, id=657, 569.12625pt x 4
50.68375pt>
File: figures/JetvsTrack_PU1_centmin0_centmax8_20121215.pdf Graphic file (type 
pdf)
<use figures/JetvsTrack_PU1_centmin0_centmax8_20121215.pdf>
Package pdftex.def Info: figures/JetvsTrack_PU1_centmin0_centmax8_20121215.pdf 
used on input line 66.
(pdftex.def)             Requested size: 218.51521pt x 173.04271pt.
<789FIG figures/efficiency_trackpt_PU1_centmin0_centmax_8_20121215.pdf 14>

<figures/efficiency_trackpt_PU1_centmin0_centmax_8_20121215.pdf, id=658, 569.12
625pt x 450.68375pt>
File: figures/efficiency_trackpt_PU1_centmin0_centmax_8_20121215.pdf Graphic fi
le (type pdf)
<use figures/efficiency_trackpt_PU1_centmin0_centmax_8_20121215.pdf>
Package pdftex.def Info: figures/efficiency_trackpt_PU1_centmin0_centmax_8_2012
1215.pdf used on input line 67.
(pdftex.def)             Requested size: 218.51521pt x 173.04271pt.
<789FIG figures/JetvsTrack_PU1_centmin16_centmax40_20121215.pdf 15>

<figures/JetvsTrack_PU1_centmin16_centmax40_20121215.pdf, id=659, 569.12625pt x
 450.68375pt>
File: figures/JetvsTrack_PU1_centmin16_centmax40_20121215.pdf Graphic file (typ
e pdf)
<use figures/JetvsTrack_PU1_centmin16_centmax40_20121215.pdf>
Package pdftex.def Info: figures/JetvsTrack_PU1_centmin16_centmax40_20121215.pd
f used on input line 77.
(pdftex.def)             Requested size: 218.51521pt x 173.04271pt.
<789FIG figures/efficiency_trackpt_PU1_centmin16_centmax40_20121215.pdf 15>

<figures/efficiency_trackpt_PU1_centmin16_centmax40_20121215.pdf, id=660, 569.1
2625pt x 450.68375pt>
File: figures/efficiency_trackpt_PU1_centmin16_centmax40_20121215.pdf Graphic f
ile (type pdf)
<use figures/efficiency_trackpt_PU1_centmin16_centmax40_20121215.pdf>
Package pdftex.def Info: figures/efficiency_trackpt_PU1_centmin16_centmax40_201
21215.pdf used on input line 78.
(pdftex.def)             Requested size: 218.51521pt x 173.04271pt.
)
<567INP summary>

(/afs/cern.ch/user/i/icali/DocumentsAndNotes/DN-12-010/notes/DN-12-010/trunk/su
mmary.tex
<789FIG BigDraft 16>
File: BigDraft.pdf Graphic file (type pdf)
<use BigDraft.pdf>
Package pdftex.def Info: BigDraft.pdf used on input line 1.
(pdftex.def)             Requested size: 597.50682pt x 845.04504pt.
[11 </afs/cern.ch/user/i/icali/DocumentsAndNotes/DN-12-010/notes/DN-12-010/trun
k/figures/JetvsTrack_PU1_centmin0_centmax8_20121215.pdf, page is rotated 90 deg
rees> </afs/cern.ch/user/i/icali/DocumentsAndNotes/DN-12-010/notes/DN-12-010/tr
unk/figures/efficiency_trackpt_PU1_centmin0_centmax_8_20121215.pdf, page is rot
ated 90 degrees> </afs/cern.ch/user/i/icali/DocumentsAndNotes/DN-12-010/notes/D
N-12-010/trunk/figures/JetvsTrack_PU1_centmin16_centmax40_20121215.pdf, page is
 rotated 90 degrees> </afs/cern.ch/user/i/icali/DocumentsAndNotes/DN-12-010/not
es/DN-12-010/trunk/figures/efficiency_trackpt_PU1_centmin16_centmax40_20121215.
pdf, page is rotated 90 degrees>])
<789FIG BigDraft 16>
File: BigDraft.pdf Graphic file (type pdf)
<use BigDraft.pdf>
Package pdftex.def Info: BigDraft.pdf used on input line 105.
(pdftex.def)             Requested size: 597.50682pt x 845.04504pt.
[12

]
<567INP DN-12-010_temp.bbl>

(/afs/cern.ch/user/i/icali/DocumentsAndNotes/DN-12-010/utils/trunk/tmp/DN-12-01
0_temp.bbl
LaTeX Font Info:    Font shape `OT1/ppl/bx/n' in size <10.95> not available
(Font)              Font shape `OT1/ppl/b/n' tried instead on input line 10.
LaTeX Font Info:    Try loading font information for OT1+pcr on input line 11.
LaTeX Font Info:    <567INP ot1pcr.fd> on input line 11.

(/afs/cern.ch/cms/external/tex/texlive/2010/texmf-dist/tex/latex/psnfss/ot1pcr.
fd
File: ot1pcr.fd 2001/06/04 font definitions for OT1/pcr.
))
Package atveryend Info: Empty hook `BeforeClearDocument' on input line 112.
<789FIG BigDraft 16>
File: BigDraft.pdf Graphic file (type pdf)
<use BigDraft.pdf>
Package pdftex.def Info: BigDraft.pdf used on input line 112.
(pdftex.def)             Requested size: 597.50682pt x 845.04504pt.
[13

]
Package atveryend Info: Empty hook `AfterLastShipout' on input line 112.

(/afs/cern.ch/user/i/icali/DocumentsAndNotes/DN-12-010/utils/trunk/tmp/DN-12-01
0_temp.aux)
Package atveryend Info: Executing hook `AtVeryEndDocument' on input line 112.
Package atveryend Info: Executing hook `AtEndAfterFileList' on input line 112.
Package rerunfilecheck Info: File `DN-12-010_temp.out' has not changed.
(rerunfilecheck)             Checksum: 12CF8D424C21F2D9CCA3FD9C031CD4F8;1189.
Package atveryend Info: Empty hook `AtVeryVeryEnd' on input line 112.
 ) 
Here is how much of TeX's memory you used:
 9932 strings out of 494309
 146225 string characters out of 3157113
 252592 words of memory out of 3000000
 12897 multiletter control sequences out of 15000+200000
 44250 words of font info for 107 fonts, out of 3000000 for 9000
 456 hyphenation exceptions out of 8191
 51i,12n,45p,1895b,389s stack positions out of 5000i,500n,10000p,200000b,50000s
{/afs/cern.ch/cms/external/tex/texlive/2010/texmf-dist/fonts/enc/dvips/base/8
r.enc}</afs/cern.ch/cms/external/tex/texlive/2010/texmf-dist/fonts/type1/public
/amsfonts/cm/cmmi10.pfb></afs/cern.ch/cms/external/tex/texlive/2010/texmf-dist/
fonts/type1/public/amsfonts/cm/cmr10.pfb></afs/cern.ch/cms/external/tex/texlive
/2010/texmf-dist/fonts/type1/public/amsfonts/cm/cmsy10.pfb></afs/cern.ch/cms/ex
ternal/tex/texlive/2010/texmf-dist/fonts/type1/public/mathpazo/fplmr.pfb></afs/
cern.ch/cms/external/tex/texlive/2010/texmf-dist/fonts/type1/public/mathpazo/fp
lmri.pfb></afs/cern.ch/cms/external/tex/texlive/2010/texmf-dist/fonts/type1/urw
/courier/ucrr8a.pfb></afs/cern.ch/cms/external/tex/texlive/2010/texmf-dist/font
s/type1/urw/helvetic/uhvb8a.pfb></afs/cern.ch/cms/external/tex/texlive/2010/tex
mf-dist/fonts/type1/urw/helvetic/uhvr8a.pfb></afs/cern.ch/cms/external/tex/texl
ive/2010/texmf-dist/fonts/type1/urw/palatino/uplb8a.pfb></afs/cern.ch/cms/exter
nal/tex/texlive/2010/texmf-dist/fonts/type1/urw/palatino/uplr8a.pfb></afs/cern.
ch/cms/external/tex/texlive/2010/texmf-dist/fonts/type1/urw/palatino/uplri8a.pf
b>
Output written on DN-12-010_temp.pdf (15 pages, 1194500 bytes).
PDF statistics:
 904 PDF objects out of 1000 (max. 8388607)
 491 compressed objects within 5 object streams
 54 named destinations out of 1000 (max. 500000)
 242 words of extra memory for PDF output out of 10000 (max. 10000000)

